<?xml version="1.0" encoding="UTF-8"?>
<!-- Generated by org.testng.reporters.JUnitReportReporter -->
<testsuite skipped="0" hostname="DESKTOP-MLQSV5O" name="com.jenkins.test.AmTestOne" tests="1" failures="0" timestamp="25 Feb 2019 03:27:28 GMT" time="16.022" errors="0">
  <testcase name="testOne" time="16.022" classname="com.jenkins.test.AmTestOne"/>
</testsuite> <!-- com.jenkins.test.AmTestOne -->
