<?xml version="1.0" encoding="UTF-8"?>
<!-- Generated by org.testng.reporters.JUnitReportReporter -->
<testsuite skipped="0" hostname="DESKTOP-MLQSV5O" name="com.jenkins.test.NewTemp" tests="1" failures="0" timestamp="25 Feb 2019 03:27:28 GMT" time="0.023" errors="0">
  <testcase name="temp" time="0.023" classname="com.jenkins.test.NewTemp"/>
</testsuite> <!-- com.jenkins.test.NewTemp -->
